2022-01-14 02:41:34.5516|Error|TaskWcf.Infrastructure.Repository.UserAuthentication|#Параметры метода: При аутентификации пользователя login votit, password ygygyuhunio возникла ошибка# Исключение: Ссылка на объект не указывает на экземпляр объекта.# Внутреннее исключение: # StackTrace:    в TaskWcf.Infrastructure.Repository.UserAuthentication(String login, String password) в C:\Users\Natalja\Documents\Visual Studio 2019\Projects\TaskSolution\TaskWcf\Infrastructure\Repository.cs:строка 287
2022-01-14 03:03:57.1257|Error|TaskWcf.Infrastructure.Repository.UserAuthentication|#Параметры метода: При аутентификации пользователя login votit, password vzdfdfsfs возникла ошибка# Исключение: Ссылка на объект не указывает на экземпляр объекта.# Внутреннее исключение: # StackTrace:    в TaskWcf.Infrastructure.Repository.UserAuthentication(String login, String password) в C:\Users\Natalja\Documents\Visual Studio 2019\Projects\TaskSolution\TaskWcf\Infrastructure\Repository.cs:строка 287
2022-01-14 03:04:19.0442|Error|TaskWcf.Infrastructure.Repository.UserAuthentication|#Параметры метода: При аутентификации пользователя login votit, password gfghvfghvh возникла ошибка# Исключение: Ссылка на объект не указывает на экземпляр объекта.# Внутреннее исключение: # StackTrace:    в TaskWcf.Infrastructure.Repository.UserAuthentication(String login, String password) в C:\Users\Natalja\Documents\Visual Studio 2019\Projects\TaskSolution\TaskWcf\Infrastructure\Repository.cs:строка 287
2022-01-14 03:09:35.3916|Error|TaskWcf.Infrastructure.Repository.UserAuthentication|#Параметры метода: При аутентификации пользователя login votit, password тшошоо возникла ошибка# Исключение: Ссылка на объект не указывает на экземпляр объекта.# Внутреннее исключение: # StackTrace:    в TaskWcf.Infrastructure.Repository.UserAuthentication(String login, String password) в C:\Users\Natalja\Documents\Visual Studio 2019\Projects\TaskSolution\TaskWcf\Infrastructure\Repository.cs:строка 287
2022-01-14 03:19:31.0027|Error|TaskWcf.Infrastructure.Repository.UserAuthentication|#Параметры метода: При аутентификации пользователя login votit, password pa$$w0rd возникла ошибка# Исключение: Ссылка на объект не указывает на экземпляр объекта.# Внутреннее исключение: # StackTrace:    в TaskWcf.Infrastructure.Repository.UserAuthentication(String login, String password) в C:\Users\Natalja\Documents\Visual Studio 2019\Projects\TaskSolution\TaskWcf\Infrastructure\Repository.cs:строка 287
2022-01-14 16:02:32.2270|Error|TaskWcf.Infrastructure.Repository.CreateTask|#Параметры метода: При создании задачи возникла ошибка# Исключение: An error occurred while updating the entries. See the inner exception for details.# Внутреннее исключение: An error occurred while updating the entries. See the inner exception for details.# StackTrace:    в System.Data.Entity.Internal.InternalContext.SaveChanges()
   в System.Data.Entity.Internal.LazyInternalContext.SaveChanges()
   в System.Data.Entity.DbContext.SaveChanges()
   в TaskWcf.Infrastructure.Repository.CreateTask(Task task, List`1 executors) в C:\Users\Natalja\Documents\Visual Studio 2019\Projects\TaskSolution\TaskWcf\Infrastructure\Repository.cs:строка 53
2022-01-14 16:21:00.9169|Error|TaskWcf.Infrastructure.Repository.UpdateTask|#Параметры метода: При сохранении задачи 429137da-3c15-4a14-9db3-6fda97179008 возникла ошибка# Исключение: An error occurred while updating the entries. See the inner exception for details.# Внутреннее исключение: An error occurred while updating the entries. See the inner exception for details.# StackTrace:    в System.Data.Entity.Internal.InternalContext.SaveChanges()
   в System.Data.Entity.Internal.LazyInternalContext.SaveChanges()
   в System.Data.Entity.DbContext.SaveChanges()
   в TaskWcf.Infrastructure.Repository.UpdateTask(Task task, List`1 executors) в C:\Users\Natalja\Documents\Visual Studio 2019\Projects\TaskSolution\TaskWcf\Infrastructure\Repository.cs:строка 111
2022-01-14 16:23:03.0690|Error|TaskWcf.Infrastructure.Repository.UpdateTask|#Параметры метода: При сохранении задачи 429137da-3c15-4a14-9db3-6fda97179008 возникла ошибка# Исключение: An error occurred while updating the entries. See the inner exception for details.# Внутреннее исключение: An error occurred while updating the entries. See the inner exception for details.# StackTrace:    в System.Data.Entity.Internal.InternalContext.SaveChanges()
   в System.Data.Entity.Internal.LazyInternalContext.SaveChanges()
   в System.Data.Entity.DbContext.SaveChanges()
   в TaskWcf.Infrastructure.Repository.UpdateTask(Task task, List`1 executors) в C:\Users\Natalja\Documents\Visual Studio 2019\Projects\TaskSolution\TaskWcf\Infrastructure\Repository.cs:строка 111
2022-01-14 17:12:06.6613|Error|TaskWcf.TaskService.DataProcessing|#Параметры метода: # Исключение: Нулевой объект должен иметь значение.# Внутреннее исключение: # StackTrace:    в System.ThrowHelper.ThrowInvalidOperationException(ExceptionResource resource)
   в System.Nullable`1.get_Value()
   в TaskWcf.Application.BL.UpdateTaskProcess.Validate() в C:\Users\Natalja\Documents\Visual Studio 2019\Projects\TaskSolution\TaskWcf\Application\BL\UpdateTaskProcess.cs:строка 24
   в TaskWcf.TaskService.DataProcessing[T](DataProcess`1 dataProcess) в C:\Users\Natalja\Documents\Visual Studio 2019\Projects\TaskSolution\TaskWcf\TaskService.svc.cs:строка 79
2022-01-14 17:12:13.3893|Error|TaskWcf.Infrastructure.Repository.CheckParentTaskChange|#Параметры метода: taskUid: 429137da-3c15-4a14-9db3-6fda97179008, parentUid: 16da70b2-91bb-4d29-b72b-46455afbc3cc# Исключение: Не удалось найти столбец "dbo", определяемую пользователем функцию или агрегатную функцию "dbo.fn_CheckParentTaskChangefn_CheckParentTaskChange". Также возможно, имя является неоднозначным.# Внутреннее исключение: # StackTrace:    в System.Data.SqlClient.SqlConnection.OnError(SqlException exception, Boolean breakConnection, Action`1 wrapCloseInAction)
   в System.Data.SqlClient.SqlInternalConnection.OnError(SqlException exception, Boolean breakConnection, Action`1 wrapCloseInAction)
   в System.Data.SqlClient.TdsParser.ThrowExceptionAndWarning(TdsParserStateObject stateObj, Boolean callerHasConnectionLock, Boolean asyncClose)
   в System.Data.SqlClient.TdsParser.TryRun(RunBehavior runBehavior, SqlCommand cmdHandler, SqlDataReader dataStream, BulkCopySimpleResultSet bulkCopyHandler, TdsParserStateObject stateObj, Boolean& dataReady)
   в System.Data.SqlClient.SqlDataReader.TryConsumeMetaData()
   в System.Data.SqlClient.SqlDataReader.get_MetaData()
   в System.Data.SqlClient.SqlCommand.FinishExecuteReader(SqlDataReader ds, RunBehavior runBehavior, String resetOptionsString, Boolean isInternal, Boolean forDescribeParameterEncryption, Boolean shouldCacheForAlwaysEncrypted)
   в System.Data.SqlClient.SqlCommand.RunExecuteReaderTds(CommandBehavior cmdBehavior, RunBehavior runBehavior, Boolean returnStream, Boolean async, Int32 timeout, Task& task, Boolean asyncWrite, Boolean inRetry, SqlDataReader ds, Boolean describeParameterEncryptionRequest)
   в System.Data.SqlClient.SqlCommand.RunExecuteReader(CommandBehavior cmdBehavior, RunBehavior runBehavior, Boolean returnStream, String method, TaskCompletionSource`1 completion, Int32 timeout, Task& task, Boolean& usedCache, Boolean asyncWrite, Boolean inRetry)
   в System.Data.SqlClient.SqlCommand.RunExecuteReader(CommandBehavior cmdBehavior, RunBehavior runBehavior, Boolean returnStream, String method)
   в System.Data.SqlClient.SqlCommand.ExecuteReader(CommandBehavior behavior, String method)
   в System.Data.SqlClient.SqlCommand.ExecuteDbDataReader(CommandBehavior behavior)
   в System.Data.Common.DbCommand.ExecuteReader(CommandBehavior behavior)
   в System.Data.Entity.Infrastructure.Interception.DbCommandDispatcher.<>c.<Reader>b__6_0(DbCommand t, DbCommandInterceptionContext`1 c)
   в System.Data.Entity.Infrastructure.Interception.InternalDispatcher`1.Dispatch[TTarget,TInterceptionContext,TResult](TTarget target, Func`3 operation, TInterceptionContext interceptionContext, Action`3 executing, Action`3 executed)
   в System.Data.Entity.Infrastructure.Interception.DbCommandDispatcher.Reader(DbCommand command, DbCommandInterceptionContext interceptionContext)
   в System.Data.Entity.Internal.InterceptableDbCommand.ExecuteDbDataReader(CommandBehavior behavior)
   в System.Data.Common.DbCommand.ExecuteReader(CommandBehavior behavior)
   в System.Data.Entity.Core.Objects.ObjectContext.ExecuteStoreQueryInternal[TElement](String commandText, String entitySetName, ExecutionOptions executionOptions, Object[] parameters)
   в System.Data.Entity.Core.Objects.ObjectContext.<>c__DisplayClass186_0`1.<ExecuteStoreQueryReliably>b__1()
   в System.Data.Entity.Core.Objects.ObjectContext.ExecuteInTransaction[T](Func`1 func, IDbExecutionStrategy executionStrategy, Boolean startLocalTransaction, Boolean releaseConnectionOnSuccess)
   в System.Data.Entity.Core.Objects.ObjectContext.<>c__DisplayClass186_0`1.<ExecuteStoreQueryReliably>b__0()
   в System.Data.Entity.SqlServer.DefaultSqlExecutionStrategy.Execute[TResult](Func`1 operation)
   в System.Data.Entity.Core.Objects.ObjectContext.ExecuteStoreQueryReliably[TElement](String commandText, String entitySetName, ExecutionOptions executionOptions, Object[] parameters)
   в System.Data.Entity.Core.Objects.ObjectContext.ExecuteStoreQuery[TElement](String commandText, ExecutionOptions executionOptions, Object[] parameters)
   в System.Data.Entity.Internal.InternalContext.<>c__DisplayClass111_0`1.<ExecuteSqlQuery>b__0()
   в System.Data.Entity.Internal.LazyEnumerator`1.MoveNext()
   в System.Linq.Enumerable.FirstOrDefault[TSource](IEnumerable`1 source)
   в TaskWcf.Infrastructure.Repository.CheckParentTaskChange(Guid taskUid, Guid parentUid) в C:\Users\Natalja\Documents\Visual Studio 2019\Projects\TaskSolution\TaskWcf\Infrastructure\Repository.cs:строка 23
2022-01-14 17:16:47.5466|Error|TaskWcf.TaskService.DataProcessing|#Параметры метода: # Исключение: Нулевой объект должен иметь значение.# Внутреннее исключение: # StackTrace:    в System.ThrowHelper.ThrowInvalidOperationException(ExceptionResource resource)
   в System.Nullable`1.get_Value()
   в TaskWcf.Application.BL.UpdateTaskProcess.Validate() в C:\Users\Natalja\Documents\Visual Studio 2019\Projects\TaskSolution\TaskWcf\Application\BL\UpdateTaskProcess.cs:строка 24
   в TaskWcf.TaskService.DataProcessing[T](DataProcess`1 dataProcess) в C:\Users\Natalja\Documents\Visual Studio 2019\Projects\TaskSolution\TaskWcf\TaskService.svc.cs:строка 79
2022-01-14 17:17:44.3780|Error|TaskWcf.TaskService.DataProcessing|#Параметры метода: # Исключение: Нулевой объект должен иметь значение.# Внутреннее исключение: # StackTrace:    в System.ThrowHelper.ThrowInvalidOperationException(ExceptionResource resource)
   в System.Nullable`1.get_Value()
   в TaskWcf.Application.BL.UpdateTaskProcess.Validate() в C:\Users\Natalja\Documents\Visual Studio 2019\Projects\TaskSolution\TaskWcf\Application\BL\UpdateTaskProcess.cs:строка 24
   в TaskWcf.TaskService.DataProcessing[T](DataProcess`1 dataProcess) в C:\Users\Natalja\Documents\Visual Studio 2019\Projects\TaskSolution\TaskWcf\TaskService.svc.cs:строка 79
2022-01-14 17:23:44.2371|Error|TaskWcf.Infrastructure.Repository.CheckParentTaskChange|#Параметры метода: taskUid: 16da70b2-91bb-4d29-b72b-46455afbc3cc, parentUid: 429137da-3c15-4a14-9db3-6fda97179008# Исключение: Не удалось найти столбец "dbo", определяемую пользователем функцию или агрегатную функцию "dbo.fn_CheckParentTaskChangefn_CheckParentTaskChange". Также возможно, имя является неоднозначным.# Внутреннее исключение: # StackTrace:    в System.Data.SqlClient.SqlConnection.OnError(SqlException exception, Boolean breakConnection, Action`1 wrapCloseInAction)
   в System.Data.SqlClient.SqlInternalConnection.OnError(SqlException exception, Boolean breakConnection, Action`1 wrapCloseInAction)
   в System.Data.SqlClient.TdsParser.ThrowExceptionAndWarning(TdsParserStateObject stateObj, Boolean callerHasConnectionLock, Boolean asyncClose)
   в System.Data.SqlClient.TdsParser.TryRun(RunBehavior runBehavior, SqlCommand cmdHandler, SqlDataReader dataStream, BulkCopySimpleResultSet bulkCopyHandler, TdsParserStateObject stateObj, Boolean& dataReady)
   в System.Data.SqlClient.SqlDataReader.TryConsumeMetaData()
   в System.Data.SqlClient.SqlDataReader.get_MetaData()
   в System.Data.SqlClient.SqlCommand.FinishExecuteReader(SqlDataReader ds, RunBehavior runBehavior, String resetOptionsString, Boolean isInternal, Boolean forDescribeParameterEncryption, Boolean shouldCacheForAlwaysEncrypted)
   в System.Data.SqlClient.SqlCommand.RunExecuteReaderTds(CommandBehavior cmdBehavior, RunBehavior runBehavior, Boolean returnStream, Boolean async, Int32 timeout, Task& task, Boolean asyncWrite, Boolean inRetry, SqlDataReader ds, Boolean describeParameterEncryptionRequest)
   в System.Data.SqlClient.SqlCommand.RunExecuteReader(CommandBehavior cmdBehavior, RunBehavior runBehavior, Boolean returnStream, String method, TaskCompletionSource`1 completion, Int32 timeout, Task& task, Boolean& usedCache, Boolean asyncWrite, Boolean inRetry)
   в System.Data.SqlClient.SqlCommand.RunExecuteReader(CommandBehavior cmdBehavior, RunBehavior runBehavior, Boolean returnStream, String method)
   в System.Data.SqlClient.SqlCommand.ExecuteReader(CommandBehavior behavior, String method)
   в System.Data.SqlClient.SqlCommand.ExecuteDbDataReader(CommandBehavior behavior)
   в System.Data.Common.DbCommand.ExecuteReader(CommandBehavior behavior)
   в System.Data.Entity.Infrastructure.Interception.DbCommandDispatcher.<>c.<Reader>b__6_0(DbCommand t, DbCommandInterceptionContext`1 c)
   в System.Data.Entity.Infrastructure.Interception.InternalDispatcher`1.Dispatch[TTarget,TInterceptionContext,TResult](TTarget target, Func`3 operation, TInterceptionContext interceptionContext, Action`3 executing, Action`3 executed)
   в System.Data.Entity.Infrastructure.Interception.DbCommandDispatcher.Reader(DbCommand command, DbCommandInterceptionContext interceptionContext)
   в System.Data.Entity.Internal.InterceptableDbCommand.ExecuteDbDataReader(CommandBehavior behavior)
   в System.Data.Common.DbCommand.ExecuteReader(CommandBehavior behavior)
   в System.Data.Entity.Core.Objects.ObjectContext.ExecuteStoreQueryInternal[TElement](String commandText, String entitySetName, ExecutionOptions executionOptions, Object[] parameters)
   в System.Data.Entity.Core.Objects.ObjectContext.<>c__DisplayClass186_0`1.<ExecuteStoreQueryReliably>b__1()
   в System.Data.Entity.Core.Objects.ObjectContext.ExecuteInTransaction[T](Func`1 func, IDbExecutionStrategy executionStrategy, Boolean startLocalTransaction, Boolean releaseConnectionOnSuccess)
   в System.Data.Entity.Core.Objects.ObjectContext.<>c__DisplayClass186_0`1.<ExecuteStoreQueryReliably>b__0()
   в System.Data.Entity.SqlServer.DefaultSqlExecutionStrategy.Execute[TResult](Func`1 operation)
   в System.Data.Entity.Core.Objects.ObjectContext.ExecuteStoreQueryReliably[TElement](String commandText, String entitySetName, ExecutionOptions executionOptions, Object[] parameters)
   в System.Data.Entity.Core.Objects.ObjectContext.ExecuteStoreQuery[TElement](String commandText, ExecutionOptions executionOptions, Object[] parameters)
   в System.Data.Entity.Internal.InternalContext.<>c__DisplayClass111_0`1.<ExecuteSqlQuery>b__0()
   в System.Data.Entity.Internal.LazyEnumerator`1.MoveNext()
   в System.Linq.Enumerable.FirstOrDefault[TSource](IEnumerable`1 source)
   в TaskWcf.Infrastructure.Repository.CheckParentTaskChange(Guid taskUid, Guid parentUid) в C:\Users\Natalja\Documents\Visual Studio 2019\Projects\TaskSolution\TaskWcf\Infrastructure\Repository.cs:строка 23
2022-01-14 18:06:02.4672|Error|TaskWcf.Infrastructure.Repository.CheckParentTaskChange|#Параметры метода: taskUid: 9452d49c-ccd5-4bb6-8347-2a68d4a23b02, parentUid: 01b3356c-4e37-4fae-9c36-56b8a9b9bc51# Исключение: Не удалось найти столбец "dbo", определяемую пользователем функцию или агрегатную функцию "dbo.fn_CheckParentTaskChangefn_CheckParentTaskChange". Также возможно, имя является неоднозначным.# Внутреннее исключение: # StackTrace:    в System.Data.SqlClient.SqlConnection.OnError(SqlException exception, Boolean breakConnection, Action`1 wrapCloseInAction)
   в System.Data.SqlClient.SqlInternalConnection.OnError(SqlException exception, Boolean breakConnection, Action`1 wrapCloseInAction)
   в System.Data.SqlClient.TdsParser.ThrowExceptionAndWarning(TdsParserStateObject stateObj, Boolean callerHasConnectionLock, Boolean asyncClose)
   в System.Data.SqlClient.TdsParser.TryRun(RunBehavior runBehavior, SqlCommand cmdHandler, SqlDataReader dataStream, BulkCopySimpleResultSet bulkCopyHandler, TdsParserStateObject stateObj, Boolean& dataReady)
   в System.Data.SqlClient.SqlDataReader.TryConsumeMetaData()
   в System.Data.SqlClient.SqlDataReader.get_MetaData()
   в System.Data.SqlClient.SqlCommand.FinishExecuteReader(SqlDataReader ds, RunBehavior runBehavior, String resetOptionsString, Boolean isInternal, Boolean forDescribeParameterEncryption, Boolean shouldCacheForAlwaysEncrypted)
   в System.Data.SqlClient.SqlCommand.RunExecuteReaderTds(CommandBehavior cmdBehavior, RunBehavior runBehavior, Boolean returnStream, Boolean async, Int32 timeout, Task& task, Boolean asyncWrite, Boolean inRetry, SqlDataReader ds, Boolean describeParameterEncryptionRequest)
   в System.Data.SqlClient.SqlCommand.RunExecuteReader(CommandBehavior cmdBehavior, RunBehavior runBehavior, Boolean returnStream, String method, TaskCompletionSource`1 completion, Int32 timeout, Task& task, Boolean& usedCache, Boolean asyncWrite, Boolean inRetry)
   в System.Data.SqlClient.SqlCommand.RunExecuteReader(CommandBehavior cmdBehavior, RunBehavior runBehavior, Boolean returnStream, String method)
   в System.Data.SqlClient.SqlCommand.ExecuteReader(CommandBehavior behavior, String method)
   в System.Data.SqlClient.SqlCommand.ExecuteDbDataReader(CommandBehavior behavior)
   в System.Data.Common.DbCommand.ExecuteReader(CommandBehavior behavior)
   в System.Data.Entity.Infrastructure.Interception.DbCommandDispatcher.<>c.<Reader>b__6_0(DbCommand t, DbCommandInterceptionContext`1 c)
   в System.Data.Entity.Infrastructure.Interception.InternalDispatcher`1.Dispatch[TTarget,TInterceptionContext,TResult](TTarget target, Func`3 operation, TInterceptionContext interceptionContext, Action`3 executing, Action`3 executed)
   в System.Data.Entity.Infrastructure.Interception.DbCommandDispatcher.Reader(DbCommand command, DbCommandInterceptionContext interceptionContext)
   в System.Data.Entity.Internal.InterceptableDbCommand.ExecuteDbDataReader(CommandBehavior behavior)
   в System.Data.Common.DbCommand.ExecuteReader(CommandBehavior behavior)
   в System.Data.Entity.Core.Objects.ObjectContext.ExecuteStoreQueryInternal[TElement](String commandText, String entitySetName, ExecutionOptions executionOptions, Object[] parameters)
   в System.Data.Entity.Core.Objects.ObjectContext.<>c__DisplayClass186_0`1.<ExecuteStoreQueryReliably>b__1()
   в System.Data.Entity.Core.Objects.ObjectContext.ExecuteInTransaction[T](Func`1 func, IDbExecutionStrategy executionStrategy, Boolean startLocalTransaction, Boolean releaseConnectionOnSuccess)
   в System.Data.Entity.Core.Objects.ObjectContext.<>c__DisplayClass186_0`1.<ExecuteStoreQueryReliably>b__0()
   в System.Data.Entity.SqlServer.DefaultSqlExecutionStrategy.Execute[TResult](Func`1 operation)
   в System.Data.Entity.Core.Objects.ObjectContext.ExecuteStoreQueryReliably[TElement](String commandText, String entitySetName, ExecutionOptions executionOptions, Object[] parameters)
   в System.Data.Entity.Core.Objects.ObjectContext.ExecuteStoreQuery[TElement](String commandText, ExecutionOptions executionOptions, Object[] parameters)
   в System.Data.Entity.Internal.InternalContext.<>c__DisplayClass111_0`1.<ExecuteSqlQuery>b__0()
   в System.Data.Entity.Internal.LazyEnumerator`1.MoveNext()
   в System.Linq.Enumerable.FirstOrDefault[TSource](IEnumerable`1 source)
   в TaskWcf.Infrastructure.Repository.CheckParentTaskChange(Guid taskUid, Guid parentUid) в C:\Users\Natalja\Documents\Visual Studio 2019\Projects\TaskSolution\TaskWcf\Infrastructure\Repository.cs:строка 23
2022-01-14 18:12:40.2715|Error|TaskWcf.Infrastructure.Repository.CheckParentTaskChange|#Параметры метода: taskUid: 1a8c3a15-2b68-4200-8065-b8dbed7c757d, parentUid: 01b3356c-4e37-4fae-9c36-56b8a9b9bc51# Исключение: Не удалось найти столбец "dbo", определяемую пользователем функцию или агрегатную функцию "dbo.fn_CheckParentTaskChangefn_CheckParentTaskChange". Также возможно, имя является неоднозначным.# Внутреннее исключение: # StackTrace:    в System.Data.SqlClient.SqlConnection.OnError(SqlException exception, Boolean breakConnection, Action`1 wrapCloseInAction)
   в System.Data.SqlClient.SqlInternalConnection.OnError(SqlException exception, Boolean breakConnection, Action`1 wrapCloseInAction)
   в System.Data.SqlClient.TdsParser.ThrowExceptionAndWarning(TdsParserStateObject stateObj, Boolean callerHasConnectionLock, Boolean asyncClose)
   в System.Data.SqlClient.TdsParser.TryRun(RunBehavior runBehavior, SqlCommand cmdHandler, SqlDataReader dataStream, BulkCopySimpleResultSet bulkCopyHandler, TdsParserStateObject stateObj, Boolean& dataReady)
   в System.Data.SqlClient.SqlDataReader.TryConsumeMetaData()
   в System.Data.SqlClient.SqlDataReader.get_MetaData()
   в System.Data.SqlClient.SqlCommand.FinishExecuteReader(SqlDataReader ds, RunBehavior runBehavior, String resetOptionsString, Boolean isInternal, Boolean forDescribeParameterEncryption, Boolean shouldCacheForAlwaysEncrypted)
   в System.Data.SqlClient.SqlCommand.RunExecuteReaderTds(CommandBehavior cmdBehavior, RunBehavior runBehavior, Boolean returnStream, Boolean async, Int32 timeout, Task& task, Boolean asyncWrite, Boolean inRetry, SqlDataReader ds, Boolean describeParameterEncryptionRequest)
   в System.Data.SqlClient.SqlCommand.RunExecuteReader(CommandBehavior cmdBehavior, RunBehavior runBehavior, Boolean returnStream, String method, TaskCompletionSource`1 completion, Int32 timeout, Task& task, Boolean& usedCache, Boolean asyncWrite, Boolean inRetry)
   в System.Data.SqlClient.SqlCommand.RunExecuteReader(CommandBehavior cmdBehavior, RunBehavior runBehavior, Boolean returnStream, String method)
   в System.Data.SqlClient.SqlCommand.ExecuteReader(CommandBehavior behavior, String method)
   в System.Data.SqlClient.SqlCommand.ExecuteDbDataReader(CommandBehavior behavior)
   в System.Data.Common.DbCommand.ExecuteReader(CommandBehavior behavior)
   в System.Data.Entity.Infrastructure.Interception.DbCommandDispatcher.<>c.<Reader>b__6_0(DbCommand t, DbCommandInterceptionContext`1 c)
   в System.Data.Entity.Infrastructure.Interception.InternalDispatcher`1.Dispatch[TTarget,TInterceptionContext,TResult](TTarget target, Func`3 operation, TInterceptionContext interceptionContext, Action`3 executing, Action`3 executed)
   в System.Data.Entity.Infrastructure.Interception.DbCommandDispatcher.Reader(DbCommand command, DbCommandInterceptionContext interceptionContext)
   в System.Data.Entity.Internal.InterceptableDbCommand.ExecuteDbDataReader(CommandBehavior behavior)
   в System.Data.Common.DbCommand.ExecuteReader(CommandBehavior behavior)
   в System.Data.Entity.Core.Objects.ObjectContext.ExecuteStoreQueryInternal[TElement](String commandText, String entitySetName, ExecutionOptions executionOptions, Object[] parameters)
   в System.Data.Entity.Core.Objects.ObjectContext.<>c__DisplayClass186_0`1.<ExecuteStoreQueryReliably>b__1()
   в System.Data.Entity.Core.Objects.ObjectContext.ExecuteInTransaction[T](Func`1 func, IDbExecutionStrategy executionStrategy, Boolean startLocalTransaction, Boolean releaseConnectionOnSuccess)
   в System.Data.Entity.Core.Objects.ObjectContext.<>c__DisplayClass186_0`1.<ExecuteStoreQueryReliably>b__0()
   в System.Data.Entity.SqlServer.DefaultSqlExecutionStrategy.Execute[TResult](Func`1 operation)
   в System.Data.Entity.Core.Objects.ObjectContext.ExecuteStoreQueryReliably[TElement](String commandText, String entitySetName, ExecutionOptions executionOptions, Object[] parameters)
   в System.Data.Entity.Core.Objects.ObjectContext.ExecuteStoreQuery[TElement](String commandText, ExecutionOptions executionOptions, Object[] parameters)
   в System.Data.Entity.Internal.InternalContext.<>c__DisplayClass111_0`1.<ExecuteSqlQuery>b__0()
   в System.Data.Entity.Internal.LazyEnumerator`1.MoveNext()
   в System.Linq.Enumerable.FirstOrDefault[TSource](IEnumerable`1 source)
   в TaskWcf.Infrastructure.Repository.CheckParentTaskChange(Guid taskUid, Guid parentUid) в C:\Users\Natalja\Documents\Visual Studio 2019\Projects\TaskSolution\TaskWcf\Infrastructure\Repository.cs:строка 23
2022-01-14 18:14:52.7536|Error|TaskWcf.Infrastructure.Repository.CheckParentTaskChange|#Параметры метода: taskUid: ff5d3dbc-53c3-45f7-a7b9-6528c2573a38, parentUid: 01b3356c-4e37-4fae-9c36-56b8a9b9bc51# Исключение: Не удалось найти столбец "dbo", определяемую пользователем функцию или агрегатную функцию "dbo.fn_CheckParentTaskChangefn_CheckParentTaskChange". Также возможно, имя является неоднозначным.# Внутреннее исключение: # StackTrace:    в System.Data.SqlClient.SqlConnection.OnError(SqlException exception, Boolean breakConnection, Action`1 wrapCloseInAction)
   в System.Data.SqlClient.SqlInternalConnection.OnError(SqlException exception, Boolean breakConnection, Action`1 wrapCloseInAction)
   в System.Data.SqlClient.TdsParser.ThrowExceptionAndWarning(TdsParserStateObject stateObj, Boolean callerHasConnectionLock, Boolean asyncClose)
   в System.Data.SqlClient.TdsParser.TryRun(RunBehavior runBehavior, SqlCommand cmdHandler, SqlDataReader dataStream, BulkCopySimpleResultSet bulkCopyHandler, TdsParserStateObject stateObj, Boolean& dataReady)
   в System.Data.SqlClient.SqlDataReader.TryConsumeMetaData()
   в System.Data.SqlClient.SqlDataReader.get_MetaData()
   в System.Data.SqlClient.SqlCommand.FinishExecuteReader(SqlDataReader ds, RunBehavior runBehavior, String resetOptionsString, Boolean isInternal, Boolean forDescribeParameterEncryption, Boolean shouldCacheForAlwaysEncrypted)
   в System.Data.SqlClient.SqlCommand.RunExecuteReaderTds(CommandBehavior cmdBehavior, RunBehavior runBehavior, Boolean returnStream, Boolean async, Int32 timeout, Task& task, Boolean asyncWrite, Boolean inRetry, SqlDataReader ds, Boolean describeParameterEncryptionRequest)
   в System.Data.SqlClient.SqlCommand.RunExecuteReader(CommandBehavior cmdBehavior, RunBehavior runBehavior, Boolean returnStream, String method, TaskCompletionSource`1 completion, Int32 timeout, Task& task, Boolean& usedCache, Boolean asyncWrite, Boolean inRetry)
   в System.Data.SqlClient.SqlCommand.RunExecuteReader(CommandBehavior cmdBehavior, RunBehavior runBehavior, Boolean returnStream, String method)
   в System.Data.SqlClient.SqlCommand.ExecuteReader(CommandBehavior behavior, String method)
   в System.Data.SqlClient.SqlCommand.ExecuteDbDataReader(CommandBehavior behavior)
   в System.Data.Common.DbCommand.ExecuteReader(CommandBehavior behavior)
   в System.Data.Entity.Infrastructure.Interception.DbCommandDispatcher.<>c.<Reader>b__6_0(DbCommand t, DbCommandInterceptionContext`1 c)
   в System.Data.Entity.Infrastructure.Interception.InternalDispatcher`1.Dispatch[TTarget,TInterceptionContext,TResult](TTarget target, Func`3 operation, TInterceptionContext interceptionContext, Action`3 executing, Action`3 executed)
   в System.Data.Entity.Infrastructure.Interception.DbCommandDispatcher.Reader(DbCommand command, DbCommandInterceptionContext interceptionContext)
   в System.Data.Entity.Internal.InterceptableDbCommand.ExecuteDbDataReader(CommandBehavior behavior)
   в System.Data.Common.DbCommand.ExecuteReader(CommandBehavior behavior)
   в System.Data.Entity.Core.Objects.ObjectContext.ExecuteStoreQueryInternal[TElement](String commandText, String entitySetName, ExecutionOptions executionOptions, Object[] parameters)
   в System.Data.Entity.Core.Objects.ObjectContext.<>c__DisplayClass186_0`1.<ExecuteStoreQueryReliably>b__1()
   в System.Data.Entity.Core.Objects.ObjectContext.ExecuteInTransaction[T](Func`1 func, IDbExecutionStrategy executionStrategy, Boolean startLocalTransaction, Boolean releaseConnectionOnSuccess)
   в System.Data.Entity.Core.Objects.ObjectContext.<>c__DisplayClass186_0`1.<ExecuteStoreQueryReliably>b__0()
   в System.Data.Entity.SqlServer.DefaultSqlExecutionStrategy.Execute[TResult](Func`1 operation)
   в System.Data.Entity.Core.Objects.ObjectContext.ExecuteStoreQueryReliably[TElement](String commandText, String entitySetName, ExecutionOptions executionOptions, Object[] parameters)
   в System.Data.Entity.Core.Objects.ObjectContext.ExecuteStoreQuery[TElement](String commandText, ExecutionOptions executionOptions, Object[] parameters)
   в System.Data.Entity.Internal.InternalContext.<>c__DisplayClass111_0`1.<ExecuteSqlQuery>b__0()
   в System.Data.Entity.Internal.LazyEnumerator`1.MoveNext()
   в System.Linq.Enumerable.FirstOrDefault[TSource](IEnumerable`1 source)
   в TaskWcf.Infrastructure.Repository.CheckParentTaskChange(Guid taskUid, Guid parentUid) в C:\Users\Natalja\Documents\Visual Studio 2019\Projects\TaskSolution\TaskWcf\Infrastructure\Repository.cs:строка 23
2022-01-14 18:21:04.1849|Error|TaskWcf.Infrastructure.Repository.CheckParentTaskChange|#Параметры метода: taskUid: abd678bd-8bfd-4fa6-8531-a29372896ba4, parentUid: 01b3356c-4e37-4fae-9c36-56b8a9b9bc51# Исключение: Не удалось найти столбец "dbo", определяемую пользователем функцию или агрегатную функцию "dbo.fn_CheckParentTaskChangefn_CheckParentTaskChange". Также возможно, имя является неоднозначным.# Внутреннее исключение: # StackTrace:    в System.Data.SqlClient.SqlConnection.OnError(SqlException exception, Boolean breakConnection, Action`1 wrapCloseInAction)
   в System.Data.SqlClient.SqlInternalConnection.OnError(SqlException exception, Boolean breakConnection, Action`1 wrapCloseInAction)
   в System.Data.SqlClient.TdsParser.ThrowExceptionAndWarning(TdsParserStateObject stateObj, Boolean callerHasConnectionLock, Boolean asyncClose)
   в System.Data.SqlClient.TdsParser.TryRun(RunBehavior runBehavior, SqlCommand cmdHandler, SqlDataReader dataStream, BulkCopySimpleResultSet bulkCopyHandler, TdsParserStateObject stateObj, Boolean& dataReady)
   в System.Data.SqlClient.SqlDataReader.TryConsumeMetaData()
   в System.Data.SqlClient.SqlDataReader.get_MetaData()
   в System.Data.SqlClient.SqlCommand.FinishExecuteReader(SqlDataReader ds, RunBehavior runBehavior, String resetOptionsString, Boolean isInternal, Boolean forDescribeParameterEncryption, Boolean shouldCacheForAlwaysEncrypted)
   в System.Data.SqlClient.SqlCommand.RunExecuteReaderTds(CommandBehavior cmdBehavior, RunBehavior runBehavior, Boolean returnStream, Boolean async, Int32 timeout, Task& task, Boolean asyncWrite, Boolean inRetry, SqlDataReader ds, Boolean describeParameterEncryptionRequest)
   в System.Data.SqlClient.SqlCommand.RunExecuteReader(CommandBehavior cmdBehavior, RunBehavior runBehavior, Boolean returnStream, String method, TaskCompletionSource`1 completion, Int32 timeout, Task& task, Boolean& usedCache, Boolean asyncWrite, Boolean inRetry)
   в System.Data.SqlClient.SqlCommand.RunExecuteReader(CommandBehavior cmdBehavior, RunBehavior runBehavior, Boolean returnStream, String method)
   в System.Data.SqlClient.SqlCommand.ExecuteReader(CommandBehavior behavior, String method)
   в System.Data.SqlClient.SqlCommand.ExecuteDbDataReader(CommandBehavior behavior)
   в System.Data.Common.DbCommand.ExecuteReader(CommandBehavior behavior)
   в System.Data.Entity.Infrastructure.Interception.DbCommandDispatcher.<>c.<Reader>b__6_0(DbCommand t, DbCommandInterceptionContext`1 c)
   в System.Data.Entity.Infrastructure.Interception.InternalDispatcher`1.Dispatch[TTarget,TInterceptionContext,TResult](TTarget target, Func`3 operation, TInterceptionContext interceptionContext, Action`3 executing, Action`3 executed)
   в System.Data.Entity.Infrastructure.Interception.DbCommandDispatcher.Reader(DbCommand command, DbCommandInterceptionContext interceptionContext)
   в System.Data.Entity.Internal.InterceptableDbCommand.ExecuteDbDataReader(CommandBehavior behavior)
   в System.Data.Common.DbCommand.ExecuteReader(CommandBehavior behavior)
   в System.Data.Entity.Core.Objects.ObjectContext.ExecuteStoreQueryInternal[TElement](String commandText, String entitySetName, ExecutionOptions executionOptions, Object[] parameters)
   в System.Data.Entity.Core.Objects.ObjectContext.<>c__DisplayClass186_0`1.<ExecuteStoreQueryReliably>b__1()
   в System.Data.Entity.Core.Objects.ObjectContext.ExecuteInTransaction[T](Func`1 func, IDbExecutionStrategy executionStrategy, Boolean startLocalTransaction, Boolean releaseConnectionOnSuccess)
   в System.Data.Entity.Core.Objects.ObjectContext.<>c__DisplayClass186_0`1.<ExecuteStoreQueryReliably>b__0()
   в System.Data.Entity.SqlServer.DefaultSqlExecutionStrategy.Execute[TResult](Func`1 operation)
   в System.Data.Entity.Core.Objects.ObjectContext.ExecuteStoreQueryReliably[TElement](String commandText, String entitySetName, ExecutionOptions executionOptions, Object[] parameters)
   в System.Data.Entity.Core.Objects.ObjectContext.ExecuteStoreQuery[TElement](String commandText, ExecutionOptions executionOptions, Object[] parameters)
   в System.Data.Entity.Internal.InternalContext.<>c__DisplayClass111_0`1.<ExecuteSqlQuery>b__0()
   в System.Data.Entity.Internal.LazyEnumerator`1.MoveNext()
   в System.Linq.Enumerable.FirstOrDefault[TSource](IEnumerable`1 source)
   в TaskWcf.Infrastructure.Repository.CheckParentTaskChange(Guid taskUid, Guid parentUid) в C:\Users\Natalja\Documents\Visual Studio 2019\Projects\TaskSolution\TaskWcf\Infrastructure\Repository.cs:строка 23
2022-01-14 18:21:52.4004|Error|TaskWcf.Infrastructure.Repository.CheckParentTaskChange|#Параметры метода: taskUid: 429137da-3c15-4a14-9db3-6fda97179008, parentUid: 01b3356c-4e37-4fae-9c36-56b8a9b9bc51# Исключение: Не удалось найти столбец "dbo", определяемую пользователем функцию или агрегатную функцию "dbo.fn_CheckParentTaskChangefn_CheckParentTaskChange". Также возможно, имя является неоднозначным.# Внутреннее исключение: # StackTrace:    в System.Data.SqlClient.SqlConnection.OnError(SqlException exception, Boolean breakConnection, Action`1 wrapCloseInAction)
   в System.Data.SqlClient.SqlInternalConnection.OnError(SqlException exception, Boolean breakConnection, Action`1 wrapCloseInAction)
   в System.Data.SqlClient.TdsParser.ThrowExceptionAndWarning(TdsParserStateObject stateObj, Boolean callerHasConnectionLock, Boolean asyncClose)
   в System.Data.SqlClient.TdsParser.TryRun(RunBehavior runBehavior, SqlCommand cmdHandler, SqlDataReader dataStream, BulkCopySimpleResultSet bulkCopyHandler, TdsParserStateObject stateObj, Boolean& dataReady)
   в System.Data.SqlClient.SqlDataReader.TryConsumeMetaData()
   в System.Data.SqlClient.SqlDataReader.get_MetaData()
   в System.Data.SqlClient.SqlCommand.FinishExecuteReader(SqlDataReader ds, RunBehavior runBehavior, String resetOptionsString, Boolean isInternal, Boolean forDescribeParameterEncryption, Boolean shouldCacheForAlwaysEncrypted)
   в System.Data.SqlClient.SqlCommand.RunExecuteReaderTds(CommandBehavior cmdBehavior, RunBehavior runBehavior, Boolean returnStream, Boolean async, Int32 timeout, Task& task, Boolean asyncWrite, Boolean inRetry, SqlDataReader ds, Boolean describeParameterEncryptionRequest)
   в System.Data.SqlClient.SqlCommand.RunExecuteReader(CommandBehavior cmdBehavior, RunBehavior runBehavior, Boolean returnStream, String method, TaskCompletionSource`1 completion, Int32 timeout, Task& task, Boolean& usedCache, Boolean asyncWrite, Boolean inRetry)
   в System.Data.SqlClient.SqlCommand.RunExecuteReader(CommandBehavior cmdBehavior, RunBehavior runBehavior, Boolean returnStream, String method)
   в System.Data.SqlClient.SqlCommand.ExecuteReader(CommandBehavior behavior, String method)
   в System.Data.SqlClient.SqlCommand.ExecuteDbDataReader(CommandBehavior behavior)
   в System.Data.Common.DbCommand.ExecuteReader(CommandBehavior behavior)
   в System.Data.Entity.Infrastructure.Interception.DbCommandDispatcher.<>c.<Reader>b__6_0(DbCommand t, DbCommandInterceptionContext`1 c)
   в System.Data.Entity.Infrastructure.Interception.InternalDispatcher`1.Dispatch[TTarget,TInterceptionContext,TResult](TTarget target, Func`3 operation, TInterceptionContext interceptionContext, Action`3 executing, Action`3 executed)
   в System.Data.Entity.Infrastructure.Interception.DbCommandDispatcher.Reader(DbCommand command, DbCommandInterceptionContext interceptionContext)
   в System.Data.Entity.Internal.InterceptableDbCommand.ExecuteDbDataReader(CommandBehavior behavior)
   в System.Data.Common.DbCommand.ExecuteReader(CommandBehavior behavior)
   в System.Data.Entity.Core.Objects.ObjectContext.ExecuteStoreQueryInternal[TElement](String commandText, String entitySetName, ExecutionOptions executionOptions, Object[] parameters)
   в System.Data.Entity.Core.Objects.ObjectContext.<>c__DisplayClass186_0`1.<ExecuteStoreQueryReliably>b__1()
   в System.Data.Entity.Core.Objects.ObjectContext.ExecuteInTransaction[T](Func`1 func, IDbExecutionStrategy executionStrategy, Boolean startLocalTransaction, Boolean releaseConnectionOnSuccess)
   в System.Data.Entity.Core.Objects.ObjectContext.<>c__DisplayClass186_0`1.<ExecuteStoreQueryReliably>b__0()
   в System.Data.Entity.SqlServer.DefaultSqlExecutionStrategy.Execute[TResult](Func`1 operation)
   в System.Data.Entity.Core.Objects.ObjectContext.ExecuteStoreQueryReliably[TElement](String commandText, String entitySetName, ExecutionOptions executionOptions, Object[] parameters)
   в System.Data.Entity.Core.Objects.ObjectContext.ExecuteStoreQuery[TElement](String commandText, ExecutionOptions executionOptions, Object[] parameters)
   в System.Data.Entity.Internal.InternalContext.<>c__DisplayClass111_0`1.<ExecuteSqlQuery>b__0()
   в System.Data.Entity.Internal.LazyEnumerator`1.MoveNext()
   в System.Linq.Enumerable.FirstOrDefault[TSource](IEnumerable`1 source)
   в TaskWcf.Infrastructure.Repository.CheckParentTaskChange(Guid taskUid, Guid parentUid) в C:\Users\Natalja\Documents\Visual Studio 2019\Projects\TaskSolution\TaskWcf\Infrastructure\Repository.cs:строка 23
2022-01-14 18:22:36.1712|Error|TaskWcf.Infrastructure.Repository.CheckParentTaskChange|#Параметры метода: taskUid: 429137da-3c15-4a14-9db3-6fda97179008, parentUid: 01b3356c-4e37-4fae-9c36-56b8a9b9bc51# Исключение: Не удалось найти столбец "dbo", определяемую пользователем функцию или агрегатную функцию "dbo.fn_CheckParentTaskChangefn_CheckParentTaskChange". Также возможно, имя является неоднозначным.# Внутреннее исключение: # StackTrace:    в System.Data.SqlClient.SqlConnection.OnError(SqlException exception, Boolean breakConnection, Action`1 wrapCloseInAction)
   в System.Data.SqlClient.SqlInternalConnection.OnError(SqlException exception, Boolean breakConnection, Action`1 wrapCloseInAction)
   в System.Data.SqlClient.TdsParser.ThrowExceptionAndWarning(TdsParserStateObject stateObj, Boolean callerHasConnectionLock, Boolean asyncClose)
   в System.Data.SqlClient.TdsParser.TryRun(RunBehavior runBehavior, SqlCommand cmdHandler, SqlDataReader dataStream, BulkCopySimpleResultSet bulkCopyHandler, TdsParserStateObject stateObj, Boolean& dataReady)
   в System.Data.SqlClient.SqlDataReader.TryConsumeMetaData()
   в System.Data.SqlClient.SqlDataReader.get_MetaData()
   в System.Data.SqlClient.SqlCommand.FinishExecuteReader(SqlDataReader ds, RunBehavior runBehavior, String resetOptionsString, Boolean isInternal, Boolean forDescribeParameterEncryption, Boolean shouldCacheForAlwaysEncrypted)
   в System.Data.SqlClient.SqlCommand.RunExecuteReaderTds(CommandBehavior cmdBehavior, RunBehavior runBehavior, Boolean returnStream, Boolean async, Int32 timeout, Task& task, Boolean asyncWrite, Boolean inRetry, SqlDataReader ds, Boolean describeParameterEncryptionRequest)
   в System.Data.SqlClient.SqlCommand.RunExecuteReader(CommandBehavior cmdBehavior, RunBehavior runBehavior, Boolean returnStream, String method, TaskCompletionSource`1 completion, Int32 timeout, Task& task, Boolean& usedCache, Boolean asyncWrite, Boolean inRetry)
   в System.Data.SqlClient.SqlCommand.RunExecuteReader(CommandBehavior cmdBehavior, RunBehavior runBehavior, Boolean returnStream, String method)
   в System.Data.SqlClient.SqlCommand.ExecuteReader(CommandBehavior behavior, String method)
   в System.Data.SqlClient.SqlCommand.ExecuteDbDataReader(CommandBehavior behavior)
   в System.Data.Common.DbCommand.ExecuteReader(CommandBehavior behavior)
   в System.Data.Entity.Infrastructure.Interception.DbCommandDispatcher.<>c.<Reader>b__6_0(DbCommand t, DbCommandInterceptionContext`1 c)
   в System.Data.Entity.Infrastructure.Interception.InternalDispatcher`1.Dispatch[TTarget,TInterceptionContext,TResult](TTarget target, Func`3 operation, TInterceptionContext interceptionContext, Action`3 executing, Action`3 executed)
   в System.Data.Entity.Infrastructure.Interception.DbCommandDispatcher.Reader(DbCommand command, DbCommandInterceptionContext interceptionContext)
   в System.Data.Entity.Internal.InterceptableDbCommand.ExecuteDbDataReader(CommandBehavior behavior)
   в System.Data.Common.DbCommand.ExecuteReader(CommandBehavior behavior)
   в System.Data.Entity.Core.Objects.ObjectContext.ExecuteStoreQueryInternal[TElement](String commandText, String entitySetName, ExecutionOptions executionOptions, Object[] parameters)
   в System.Data.Entity.Core.Objects.ObjectContext.<>c__DisplayClass186_0`1.<ExecuteStoreQueryReliably>b__1()
   в System.Data.Entity.Core.Objects.ObjectContext.ExecuteInTransaction[T](Func`1 func, IDbExecutionStrategy executionStrategy, Boolean startLocalTransaction, Boolean releaseConnectionOnSuccess)
   в System.Data.Entity.Core.Objects.ObjectContext.<>c__DisplayClass186_0`1.<ExecuteStoreQueryReliably>b__0()
   в System.Data.Entity.SqlServer.DefaultSqlExecutionStrategy.Execute[TResult](Func`1 operation)
   в System.Data.Entity.Core.Objects.ObjectContext.ExecuteStoreQueryReliably[TElement](String commandText, String entitySetName, ExecutionOptions executionOptions, Object[] parameters)
   в System.Data.Entity.Core.Objects.ObjectContext.ExecuteStoreQuery[TElement](String commandText, ExecutionOptions executionOptions, Object[] parameters)
   в System.Data.Entity.Internal.InternalContext.<>c__DisplayClass111_0`1.<ExecuteSqlQuery>b__0()
   в System.Data.Entity.Internal.LazyEnumerator`1.MoveNext()
   в System.Linq.Enumerable.FirstOrDefault[TSource](IEnumerable`1 source)
   в TaskWcf.Infrastructure.Repository.CheckParentTaskChange(Guid taskUid, Guid parentUid) в C:\Users\Natalja\Documents\Visual Studio 2019\Projects\TaskSolution\TaskWcf\Infrastructure\Repository.cs:строка 23
2022-01-14 18:27:49.5064|Error|TaskWcf.Infrastructure.Repository.UpdateTask|#Параметры метода: При сохранении задачи eba119e0-dfa3-4bd4-8a5a-2cac98482476 возникла ошибка# Исключение: Последовательность не содержит элементов# Внутреннее исключение: # StackTrace:    в System.Linq.Enumerable.First[TSource](IEnumerable`1 source)
   в System.Data.Entity.Core.Objects.ELinq.ObjectQueryProvider.<>c__14`1.<GetElementFunction>b__14_0(IEnumerable`1 sequence)
   в System.Data.Entity.Core.Objects.ELinq.ObjectQueryProvider.ExecuteSingle[TResult](IEnumerable`1 query, Expression queryRoot)
   в System.Data.Entity.Core.Objects.ELinq.ObjectQueryProvider.System.Linq.IQueryProvider.Execute[TResult](Expression expression)
   в System.Data.Entity.Internal.Linq.DbQueryProvider.Execute[TResult](Expression expression)
   в System.Linq.Queryable.First[TSource](IQueryable`1 source)
   в TaskWcf.Infrastructure.Repository.UpdateTask(Task task, List`1 executors) в C:\Users\Natalja\Documents\Visual Studio 2019\Projects\TaskSolution\TaskWcf\Infrastructure\Repository.cs:строка 82
2022-01-14 18:28:08.9338|Error|TaskWcf.Infrastructure.Repository.CheckParentTaskChange|#Параметры метода: taskUid: 429137da-3c15-4a14-9db3-6fda97179008, parentUid: 01b3356c-4e37-4fae-9c36-56b8a9b9bc51# Исключение: An error occurred while reading from the store provider's data reader. See the inner exception for details.# Внутреннее исключение: Недостаточно пространства результатов для преобразования значения uniqueidentifier в строку символов.# StackTrace:    в System.Data.Entity.Core.Common.Internal.Materialization.Shaper`1.HandleReaderException(Exception e)
   в System.Data.Entity.Core.Common.Internal.Materialization.Shaper`1.StoreRead()
   в System.Data.Entity.Core.Common.Internal.Materialization.Shaper`1.SimpleEnumerator.MoveNext()
   в System.Data.Entity.Internal.LazyEnumerator`1.MoveNext()
   в System.Linq.Enumerable.FirstOrDefault[TSource](IEnumerable`1 source)
   в TaskWcf.Infrastructure.Repository.CheckParentTaskChange(Guid taskUid, Guid parentUid) в C:\Users\Natalja\Documents\Visual Studio 2019\Projects\TaskSolution\TaskWcf\Infrastructure\Repository.cs:строка 23
2022-01-14 18:35:30.5758|Error|TaskWcf.Infrastructure.Repository.UpdateTask|#Параметры метода: При сохранении задачи b846938b-d80d-4a66-a8a3-69865022bcf6 возникла ошибка# Исключение: Последовательность не содержит элементов# Внутреннее исключение: # StackTrace:    в System.Linq.Enumerable.First[TSource](IEnumerable`1 source)
   в System.Data.Entity.Core.Objects.ELinq.ObjectQueryProvider.<>c__14`1.<GetElementFunction>b__14_0(IEnumerable`1 sequence)
   в System.Data.Entity.Core.Objects.ELinq.ObjectQueryProvider.ExecuteSingle[TResult](IEnumerable`1 query, Expression queryRoot)
   в System.Data.Entity.Core.Objects.ELinq.ObjectQueryProvider.System.Linq.IQueryProvider.Execute[TResult](Expression expression)
   в System.Data.Entity.Internal.Linq.DbQueryProvider.Execute[TResult](Expression expression)
   в System.Linq.Queryable.First[TSource](IQueryable`1 source)
   в TaskWcf.Infrastructure.Repository.UpdateTask(Task task, List`1 executors) в C:\Users\Natalja\Documents\Visual Studio 2019\Projects\TaskSolution\TaskWcf\Infrastructure\Repository.cs:строка 82
2022-01-14 18:41:26.9430|Error|TaskWcf.Infrastructure.Repository.UpdateTask|#Параметры метода: При сохранении задачи ac6f9d50-e1ec-4658-804d-fbcba6b0aac5 возникла ошибка# Исключение: Последовательность не содержит элементов# Внутреннее исключение: # StackTrace:    в System.Linq.Enumerable.First[TSource](IEnumerable`1 source)
   в System.Data.Entity.Core.Objects.ELinq.ObjectQueryProvider.<>c__14`1.<GetElementFunction>b__14_0(IEnumerable`1 sequence)
   в System.Data.Entity.Core.Objects.ELinq.ObjectQueryProvider.ExecuteSingle[TResult](IEnumerable`1 query, Expression queryRoot)
   в System.Data.Entity.Core.Objects.ELinq.ObjectQueryProvider.System.Linq.IQueryProvider.Execute[TResult](Expression expression)
   в System.Data.Entity.Internal.Linq.DbQueryProvider.Execute[TResult](Expression expression)
   в System.Linq.Queryable.First[TSource](IQueryable`1 source)
   в TaskWcf.Infrastructure.Repository.UpdateTask(Task task, List`1 executors) в C:\Users\Natalja\Documents\Visual Studio 2019\Projects\TaskSolution\TaskWcf\Infrastructure\Repository.cs:строка 82
2022-01-14 18:45:04.7905|Error|TaskWcf.Infrastructure.Repository.UpdateTask|#Параметры метода: При сохранении задачи 7fc8d317-9b11-4370-aaa3-63af024262eb возникла ошибка# Исключение: Последовательность не содержит элементов# Внутреннее исключение: # StackTrace:    в System.Linq.Enumerable.First[TSource](IEnumerable`1 source)
   в System.Data.Entity.Core.Objects.ELinq.ObjectQueryProvider.<>c__14`1.<GetElementFunction>b__14_0(IEnumerable`1 sequence)
   в System.Data.Entity.Core.Objects.ELinq.ObjectQueryProvider.ExecuteSingle[TResult](IEnumerable`1 query, Expression queryRoot)
   в System.Data.Entity.Core.Objects.ELinq.ObjectQueryProvider.System.Linq.IQueryProvider.Execute[TResult](Expression expression)
   в System.Data.Entity.Internal.Linq.DbQueryProvider.Execute[TResult](Expression expression)
   в System.Linq.Queryable.First[TSource](IQueryable`1 source)
   в TaskWcf.Infrastructure.Repository.UpdateTask(Task task, List`1 executors) в C:\Users\Natalja\Documents\Visual Studio 2019\Projects\TaskSolution\TaskWcf\Infrastructure\Repository.cs:строка 82
2022-01-14 18:47:06.7602|Error|TaskWcf.Infrastructure.Repository.UpdateTask|#Параметры метода: При сохранении задачи a51e5c28-86ba-4ea4-ab64-fa1af7fa63a3 возникла ошибка# Исключение: Последовательность не содержит элементов# Внутреннее исключение: # StackTrace:    в System.Linq.Enumerable.First[TSource](IEnumerable`1 source)
   в System.Data.Entity.Core.Objects.ELinq.ObjectQueryProvider.<>c__14`1.<GetElementFunction>b__14_0(IEnumerable`1 sequence)
   в System.Data.Entity.Core.Objects.ELinq.ObjectQueryProvider.ExecuteSingle[TResult](IEnumerable`1 query, Expression queryRoot)
   в System.Data.Entity.Core.Objects.ELinq.ObjectQueryProvider.System.Linq.IQueryProvider.Execute[TResult](Expression expression)
   в System.Data.Entity.Internal.Linq.DbQueryProvider.Execute[TResult](Expression expression)
   в System.Linq.Queryable.First[TSource](IQueryable`1 source)
   в TaskWcf.Infrastructure.Repository.UpdateTask(Task task, List`1 executors) в C:\Users\Natalja\Documents\Visual Studio 2019\Projects\TaskSolution\TaskWcf\Infrastructure\Repository.cs:строка 82
2022-01-14 18:53:00.0576|Error|TaskWcf.Infrastructure.Repository.CreateTask|#Параметры метода: При создании задачи возникла ошибка# Исключение: An error occurred while updating the entries. See the inner exception for details.# Внутреннее исключение: An error occurred while updating the entries. See the inner exception for details.# StackTrace:    в System.Data.Entity.Internal.InternalContext.SaveChanges()
   в System.Data.Entity.Internal.LazyInternalContext.SaveChanges()
   в System.Data.Entity.DbContext.SaveChanges()
   в TaskWcf.Infrastructure.Repository.CreateTask(Task task, List`1 executors) в C:\Users\Natalja\Documents\Visual Studio 2019\Projects\TaskSolution\TaskWcf\Infrastructure\Repository.cs:строка 53
2022-01-14 20:23:07.2772|Error|TaskWcf.Infrastructure.Repository.GetStates|#Параметры метода: 01b3356c-4e37-4fae-9c36-56b8a9b9bc51# Исключение: The data reader is incompatible with the specified 'TaskDBModel.sp_GetAvailableStates_Result'. A member of the type, 'Id', does not have a corresponding column in the data reader with the same name.# Внутреннее исключение: # StackTrace:    в System.Data.Entity.Core.Query.InternalTrees.ColumnMapFactory.GetMemberOrdinalFromReader(DbDataReader storeDataReader, EdmMember member, EdmType currentType, Dictionary`2 renameList)
   в System.Data.Entity.Core.Query.InternalTrees.ColumnMapFactory.GetColumnMapsForType(DbDataReader storeDataReader, EdmType edmType, Dictionary`2 renameList)
   в System.Data.Entity.Core.Query.InternalTrees.ColumnMapFactory.CreateColumnMapFromReaderAndType(DbDataReader storeDataReader, EdmType edmType, EntitySet entitySet, Dictionary`2 renameList)
   в System.Data.Entity.Core.Query.InternalTrees.ColumnMapFactory.CreateFunctionImportStructuralTypeColumnMap(DbDataReader storeDataReader, FunctionImportMappingNonComposable mapping, Int32 resultSetIndex, EntitySet entitySet, StructuralType baseStructuralType)
   в System.Data.Entity.Core.EntityClient.Internal.EntityCommandDefinition.FunctionColumnMapGenerator.System.Data.Entity.Core.EntityClient.Internal.EntityCommandDefinition.IColumnMapGenerator.CreateColumnMap(DbDataReader reader)
   в System.Data.Entity.Core.EntityClient.Internal.EntityCommandDefinition.CreateColumnMap(DbDataReader storeDataReader, Int32 resultSetIndex)
   в System.Data.Entity.Core.Objects.ObjectContext.MaterializedDataRecord[TElement](EntityCommand entityCommand, DbDataReader storeReader, Int32 resultSetIndex, ReadOnlyCollection`1 entitySets, EdmType[] edmTypes, ShaperFactory`1 shaperFactory, MergeOption mergeOption, Boolean streaming)
   в System.Data.Entity.Core.Objects.ObjectContext.CreateFunctionObjectResult[TElement](EntityCommand entityCommand, ReadOnlyCollection`1 entitySets, EdmType[] edmTypes, ExecutionOptions executionOptions)
   в System.Data.Entity.Core.Objects.ObjectContext.<>c__DisplayClass161_0`1.<ExecuteFunction>b__1()
   в System.Data.Entity.Core.Objects.ObjectContext.ExecuteInTransaction[T](Func`1 func, IDbExecutionStrategy executionStrategy, Boolean startLocalTransaction, Boolean releaseConnectionOnSuccess)
   в System.Data.Entity.Core.Objects.ObjectContext.<>c__DisplayClass161_0`1.<ExecuteFunction>b__0()
   в System.Data.Entity.SqlServer.DefaultSqlExecutionStrategy.Execute[TResult](Func`1 operation)
   в System.Data.Entity.Core.Objects.ObjectContext.ExecuteFunction[TElement](String functionName, ExecutionOptions executionOptions, ObjectParameter[] parameters)
   в System.Data.Entity.Core.Objects.ObjectContext.ExecuteFunction[TElement](String functionName, MergeOption mergeOption, ObjectParameter[] parameters)
   в System.Data.Entity.Core.Objects.ObjectContext.ExecuteFunction[TElement](String functionName, ObjectParameter[] parameters)
   в TaskWcf.Model.DB.TaskDBEntities.sp_GetAvailableStates(Nullable`1 taskUid) в C:\Users\Natalja\Documents\Visual Studio 2019\Projects\TaskSolution\TaskWcf\Model\DB\TaskModel.Context.cs:строка 130
   в TaskWcf.Infrastructure.Repository.GetStates(Nullable`1 taskUid) в C:\Users\Natalja\Documents\Visual Studio 2019\Projects\TaskSolution\TaskWcf\Infrastructure\Repository.cs:строка 139
2022-01-14 20:23:14.5057|Error|TaskWcf.Infrastructure.Repository.GetStates|#Параметры метода: 01b3356c-4e37-4fae-9c36-56b8a9b9bc51# Исключение: The data reader is incompatible with the specified 'TaskDBModel.sp_GetAvailableStates_Result'. A member of the type, 'Id', does not have a corresponding column in the data reader with the same name.# Внутреннее исключение: # StackTrace:    в System.Data.Entity.Core.Query.InternalTrees.ColumnMapFactory.GetMemberOrdinalFromReader(DbDataReader storeDataReader, EdmMember member, EdmType currentType, Dictionary`2 renameList)
   в System.Data.Entity.Core.Query.InternalTrees.ColumnMapFactory.GetColumnMapsForType(DbDataReader storeDataReader, EdmType edmType, Dictionary`2 renameList)
   в System.Data.Entity.Core.Query.InternalTrees.ColumnMapFactory.CreateColumnMapFromReaderAndType(DbDataReader storeDataReader, EdmType edmType, EntitySet entitySet, Dictionary`2 renameList)
   в System.Data.Entity.Core.Query.InternalTrees.ColumnMapFactory.CreateFunctionImportStructuralTypeColumnMap(DbDataReader storeDataReader, FunctionImportMappingNonComposable mapping, Int32 resultSetIndex, EntitySet entitySet, StructuralType baseStructuralType)
   в System.Data.Entity.Core.EntityClient.Internal.EntityCommandDefinition.FunctionColumnMapGenerator.System.Data.Entity.Core.EntityClient.Internal.EntityCommandDefinition.IColumnMapGenerator.CreateColumnMap(DbDataReader reader)
   в System.Data.Entity.Core.EntityClient.Internal.EntityCommandDefinition.CreateColumnMap(DbDataReader storeDataReader, Int32 resultSetIndex)
   в System.Data.Entity.Core.Objects.ObjectContext.MaterializedDataRecord[TElement](EntityCommand entityCommand, DbDataReader storeReader, Int32 resultSetIndex, ReadOnlyCollection`1 entitySets, EdmType[] edmTypes, ShaperFactory`1 shaperFactory, MergeOption mergeOption, Boolean streaming)
   в System.Data.Entity.Core.Objects.ObjectContext.CreateFunctionObjectResult[TElement](EntityCommand entityCommand, ReadOnlyCollection`1 entitySets, EdmType[] edmTypes, ExecutionOptions executionOptions)
   в System.Data.Entity.Core.Objects.ObjectContext.<>c__DisplayClass161_0`1.<ExecuteFunction>b__1()
   в System.Data.Entity.Core.Objects.ObjectContext.ExecuteInTransaction[T](Func`1 func, IDbExecutionStrategy executionStrategy, Boolean startLocalTransaction, Boolean releaseConnectionOnSuccess)
   в System.Data.Entity.Core.Objects.ObjectContext.<>c__DisplayClass161_0`1.<ExecuteFunction>b__0()
   в System.Data.Entity.SqlServer.DefaultSqlExecutionStrategy.Execute[TResult](Func`1 operation)
   в System.Data.Entity.Core.Objects.ObjectContext.ExecuteFunction[TElement](String functionName, ExecutionOptions executionOptions, ObjectParameter[] parameters)
   в System.Data.Entity.Core.Objects.ObjectContext.ExecuteFunction[TElement](String functionName, MergeOption mergeOption, ObjectParameter[] parameters)
   в System.Data.Entity.Core.Objects.ObjectContext.ExecuteFunction[TElement](String functionName, ObjectParameter[] parameters)
   в TaskWcf.Model.DB.TaskDBEntities.sp_GetAvailableStates(Nullable`1 taskUid) в C:\Users\Natalja\Documents\Visual Studio 2019\Projects\TaskSolution\TaskWcf\Model\DB\TaskModel.Context.cs:строка 130
   в TaskWcf.Infrastructure.Repository.GetStates(Nullable`1 taskUid) в C:\Users\Natalja\Documents\Visual Studio 2019\Projects\TaskSolution\TaskWcf\Infrastructure\Repository.cs:строка 139
2022-01-14 20:23:23.9375|Error|TaskWcf.Infrastructure.Repository.GetStates|#Параметры метода: 01b3356c-4e37-4fae-9c36-56b8a9b9bc51# Исключение: The data reader is incompatible with the specified 'TaskDBModel.sp_GetAvailableStates_Result'. A member of the type, 'Id', does not have a corresponding column in the data reader with the same name.# Внутреннее исключение: # StackTrace:    в System.Data.Entity.Core.Query.InternalTrees.ColumnMapFactory.GetMemberOrdinalFromReader(DbDataReader storeDataReader, EdmMember member, EdmType currentType, Dictionary`2 renameList)
   в System.Data.Entity.Core.Query.InternalTrees.ColumnMapFactory.GetColumnMapsForType(DbDataReader storeDataReader, EdmType edmType, Dictionary`2 renameList)
   в System.Data.Entity.Core.Query.InternalTrees.ColumnMapFactory.CreateColumnMapFromReaderAndType(DbDataReader storeDataReader, EdmType edmType, EntitySet entitySet, Dictionary`2 renameList)
   в System.Data.Entity.Core.Query.InternalTrees.ColumnMapFactory.CreateFunctionImportStructuralTypeColumnMap(DbDataReader storeDataReader, FunctionImportMappingNonComposable mapping, Int32 resultSetIndex, EntitySet entitySet, StructuralType baseStructuralType)
   в System.Data.Entity.Core.EntityClient.Internal.EntityCommandDefinition.FunctionColumnMapGenerator.System.Data.Entity.Core.EntityClient.Internal.EntityCommandDefinition.IColumnMapGenerator.CreateColumnMap(DbDataReader reader)
   в System.Data.Entity.Core.EntityClient.Internal.EntityCommandDefinition.CreateColumnMap(DbDataReader storeDataReader, Int32 resultSetIndex)
   в System.Data.Entity.Core.Objects.ObjectContext.MaterializedDataRecord[TElement](EntityCommand entityCommand, DbDataReader storeReader, Int32 resultSetIndex, ReadOnlyCollection`1 entitySets, EdmType[] edmTypes, ShaperFactory`1 shaperFactory, MergeOption mergeOption, Boolean streaming)
   в System.Data.Entity.Core.Objects.ObjectContext.CreateFunctionObjectResult[TElement](EntityCommand entityCommand, ReadOnlyCollection`1 entitySets, EdmType[] edmTypes, ExecutionOptions executionOptions)
   в System.Data.Entity.Core.Objects.ObjectContext.<>c__DisplayClass161_0`1.<ExecuteFunction>b__1()
   в System.Data.Entity.Core.Objects.ObjectContext.ExecuteInTransaction[T](Func`1 func, IDbExecutionStrategy executionStrategy, Boolean startLocalTransaction, Boolean releaseConnectionOnSuccess)
   в System.Data.Entity.Core.Objects.ObjectContext.<>c__DisplayClass161_0`1.<ExecuteFunction>b__0()
   в System.Data.Entity.SqlServer.DefaultSqlExecutionStrategy.Execute[TResult](Func`1 operation)
   в System.Data.Entity.Core.Objects.ObjectContext.ExecuteFunction[TElement](String functionName, ExecutionOptions executionOptions, ObjectParameter[] parameters)
   в System.Data.Entity.Core.Objects.ObjectContext.ExecuteFunction[TElement](String functionName, MergeOption mergeOption, ObjectParameter[] parameters)
   в System.Data.Entity.Core.Objects.ObjectContext.ExecuteFunction[TElement](String functionName, ObjectParameter[] parameters)
   в TaskWcf.Model.DB.TaskDBEntities.sp_GetAvailableStates(Nullable`1 taskUid) в C:\Users\Natalja\Documents\Visual Studio 2019\Projects\TaskSolution\TaskWcf\Model\DB\TaskModel.Context.cs:строка 130
   в TaskWcf.Infrastructure.Repository.GetStates(Nullable`1 taskUid) в C:\Users\Natalja\Documents\Visual Studio 2019\Projects\TaskSolution\TaskWcf\Infrastructure\Repository.cs:строка 139
2022-01-14 20:31:26.8553|Error|TaskWcf.Infrastructure.Repository.GetStates|#Параметры метода: 429137da-3c15-4a14-9db3-6fda97179008# Исключение: The data reader is incompatible with the specified 'TaskDBModel.sp_GetAvailableStates_Result'. A member of the type, 'Id', does not have a corresponding column in the data reader with the same name.# Внутреннее исключение: # StackTrace:    в System.Data.Entity.Core.Query.InternalTrees.ColumnMapFactory.GetMemberOrdinalFromReader(DbDataReader storeDataReader, EdmMember member, EdmType currentType, Dictionary`2 renameList)
   в System.Data.Entity.Core.Query.InternalTrees.ColumnMapFactory.GetColumnMapsForType(DbDataReader storeDataReader, EdmType edmType, Dictionary`2 renameList)
   в System.Data.Entity.Core.Query.InternalTrees.ColumnMapFactory.CreateColumnMapFromReaderAndType(DbDataReader storeDataReader, EdmType edmType, EntitySet entitySet, Dictionary`2 renameList)
   в System.Data.Entity.Core.Query.InternalTrees.ColumnMapFactory.CreateFunctionImportStructuralTypeColumnMap(DbDataReader storeDataReader, FunctionImportMappingNonComposable mapping, Int32 resultSetIndex, EntitySet entitySet, StructuralType baseStructuralType)
   в System.Data.Entity.Core.EntityClient.Internal.EntityCommandDefinition.FunctionColumnMapGenerator.System.Data.Entity.Core.EntityClient.Internal.EntityCommandDefinition.IColumnMapGenerator.CreateColumnMap(DbDataReader reader)
   в System.Data.Entity.Core.EntityClient.Internal.EntityCommandDefinition.CreateColumnMap(DbDataReader storeDataReader, Int32 resultSetIndex)
   в System.Data.Entity.Core.Objects.ObjectContext.MaterializedDataRecord[TElement](EntityCommand entityCommand, DbDataReader storeReader, Int32 resultSetIndex, ReadOnlyCollection`1 entitySets, EdmType[] edmTypes, ShaperFactory`1 shaperFactory, MergeOption mergeOption, Boolean streaming)
   в System.Data.Entity.Core.Objects.ObjectContext.CreateFunctionObjectResult[TElement](EntityCommand entityCommand, ReadOnlyCollection`1 entitySets, EdmType[] edmTypes, ExecutionOptions executionOptions)
   в System.Data.Entity.Core.Objects.ObjectContext.<>c__DisplayClass161_0`1.<ExecuteFunction>b__1()
   в System.Data.Entity.Core.Objects.ObjectContext.ExecuteInTransaction[T](Func`1 func, IDbExecutionStrategy executionStrategy, Boolean startLocalTransaction, Boolean releaseConnectionOnSuccess)
   в System.Data.Entity.Core.Objects.ObjectContext.<>c__DisplayClass161_0`1.<ExecuteFunction>b__0()
   в System.Data.Entity.SqlServer.DefaultSqlExecutionStrategy.Execute[TResult](Func`1 operation)
   в System.Data.Entity.Core.Objects.ObjectContext.ExecuteFunction[TElement](String functionName, ExecutionOptions executionOptions, ObjectParameter[] parameters)
   в System.Data.Entity.Core.Objects.ObjectContext.ExecuteFunction[TElement](String functionName, MergeOption mergeOption, ObjectParameter[] parameters)
   в System.Data.Entity.Core.Objects.ObjectContext.ExecuteFunction[TElement](String functionName, ObjectParameter[] parameters)
   в TaskWcf.Model.DB.TaskDBEntities.sp_GetAvailableStates(Nullable`1 taskUid) в C:\Users\Natalja\Documents\Visual Studio 2019\Projects\TaskSolution\TaskWcf\Model\DB\TaskModel.Context.cs:строка 130
   в TaskWcf.Infrastructure.Repository.GetStates(Nullable`1 taskUid) в C:\Users\Natalja\Documents\Visual Studio 2019\Projects\TaskSolution\TaskWcf\Infrastructure\Repository.cs:строка 142
